
CPPTRAJ: Trajectory Analysis. V4.25.6 MPI
    ___  ___  ___  ___
     | \/ | \/ | \/ | 
    _|_/\_|_/\_|_/\_|_

| Running on 8 processes.
| Date/time: 09/23/22 19:22:52
| Available memory: 245.066 GB

INPUT: Reading input from '1us/cpp_c0c2.in'
  [parm 1hk0_wt_dry.prmtop]
	Reading '1hk0_wt_dry.prmtop' as Amber Topology
	Radius Set: modified Bondi radii (mbondi)
  [trajin 06_prod.nc 1 last 1000]
	Reading '06_prod.nc' as Amber NetCDF
  [trajin 07_prod.nc 1 last 1000]
	Reading '07_prod.nc' as Amber NetCDF
  [trajin 08_prod.nc 1 last 1000]
	Reading '08_prod.nc' as Amber NetCDF
  [trajin 09_prod.nc 1 last 1000]
	Reading '09_prod.nc' as Amber NetCDF
  [trajin 10_prod.nc 1 last 1000]
	Reading '10_prod.nc' as Amber NetCDF
  [reference 1hk0_wt_solv.pdb :* [REF]]
	Reading '1hk0_wt_solv.pdb' as PDB
	Read CRYST1 info from PDB: a=85.983 b=85.983 c=85.983 alpha=109.47 beta=109.47 gamma=109.47
Warning: Low precision truncated octahedron angles detected (109.47 vs 109.471).
Warning:   If desired, the 'box' command can be used during processing
Warning:   to set higher-precision angles.
Warning: PDB line length is short (67 chars, expected 80).
Warning: PDB 1hk0_wt_solv.pdb: Reading frame 16, got 1544 atoms, expected 2813.
Warning: Only using frames 1-15
Warning: Reference has 15 frames, only reading frame 1
	Read CRYST1 info from PDB: a=85.983 b=85.983 c=85.983 alpha=109.47 beta=109.47 gamma=109.47
	Stripped ref parm: 2813 atoms, 173 res, box: Trunc. Oct., 1 mol
	Setting active reference for distance-based masks: '1hk0_wt_solv.pdb'
  [rms rms_heavy :1-173&!@H* ref [REF] mass perres perresmask !@H* perresout 1us/rmsd_heavy_perres.dat perresavg 1us/rmsd_heavy_perres_avg.dat out 1us/rmsd_heavy_perres.dat]
    RMSD: (:1-173&!@H*), reference is "[REF]:1" (:1-173&!@H*), mass-weighted.
	Best-fit RMSD will be calculated, coords will be rotated and translated.
          No-fit RMSD will also be calculated for each solute residue using mask [:X&!@H*].
          Per-residue output file is rmsd_heavy_perres.dat
          Avg per-residue output file is rmsd_heavy_perres_avg.dat
  [secstruct ss :* out 1us/ss.dat sumout 1us/ss_sum.dat assignout 1us/ss_assign.dat]
    SECSTRUCT: Calculating secondary structure using mask [:*]
	Dumping results to 1us/ss.dat
	Sum results to 1us/ss_sum.dat
	SS data for each residue will be stored as integers.
		0 = None
		1 = Extended
		2 = Bridge
		3 = 3-10
		4 = Alpha
		5 = Pi
		6 = Turn
		7 = Bend
	Overall assigned SS will be written to 1us/ss_assign.dat
	Backbone Atom Names: N=[N]  H=[H]  C=[C]  O=[O]  CA=[CA]
# Citation: Kabsch, W.; Sander, C.; "Dictionary of Protein Secondary Structure:
#           Pattern Recognition of Hydrogen-Bonded and Geometrical Features."
#           Biopolymers (1983), V.22, pp.2577-2637.
  [multidihedral phi resrange 1-173 out 1us/dihedrals_phi.dat]
    MULTIDIHEDRAL: Calculating phi dihedrals for residues in range 1-173
	Output to dihedrals_phi.dat
	Output range is -180 to 180 degrees.
  [multidihedral psi resrange 1-173 out 1us/dihedrals_psi.dat]
    MULTIDIHEDRAL: Calculating psi dihedrals for residues in range 1-173
	Output to dihedrals_psi.dat
	Output range is -180 to 180 degrees.
  [run]
---------- RUN BEGIN -------------------------------------------------

PARAMETER FILES (1 total):
 0: 1hk0_wt_dry.prmtop, 2813 atoms, 173 res, box: Trunc. Oct., 1 mol

INPUT TRAJECTORIES (5 total):
 0: '06_prod.nc' is a NetCDF AMBER trajectory with coordinates, time, box, Parm 1hk0_wt_dry.prmtop (Trunc. Oct. box) (reading 200 of 200000)
 1: '07_prod.nc' is a NetCDF AMBER trajectory with coordinates, time, box, Parm 1hk0_wt_dry.prmtop (Trunc. Oct. box) (reading 200 of 200000)
 2: '08_prod.nc' is a NetCDF AMBER trajectory with coordinates, time, box, Parm 1hk0_wt_dry.prmtop (Trunc. Oct. box) (reading 200 of 200000)
 3: '09_prod.nc' is a NetCDF AMBER trajectory with coordinates, time, box, Parm 1hk0_wt_dry.prmtop (Trunc. Oct. box) (reading 200 of 200000)
 4: '10_prod.nc' is a NetCDF AMBER trajectory with coordinates, time, box, Parm 1hk0_wt_dry.prmtop (Trunc. Oct. box) (reading 200 of 200000)
  Coordinate processing will occur on 1000 frames.

REFERENCE FRAMES (1 total):
    0: [REF]:1
	Active reference frame for distance-based masks is '[REF]:1'

PARALLEL INFO:
  Process 0 will handle 125 frames.
  Process 1 will handle 125 frames.
  Process 2 will handle 125 frames.
  Process 3 will handle 125 frames.
  Process 4 will handle 125 frames.
  Process 5 will handle 125 frames.
  Process 6 will handle 125 frames.
  Process 7 will handle 125 frames.
.....................................................
ACTION SETUP FOR PARM '1hk0_wt_dry.prmtop' (4 actions):
  0: [rms rms_heavy :1-173&!@H* ref [REF] mass perres perresmask !@H* perresout 1us/rmsd_heavy_perres.dat perresavg 1us/rmsd_heavy_perres_avg.dat out 1us/rmsd_heavy_perres.dat]
	Target mask: [:1-173&!@H*](1451)
	Reference mask: [:1-173&!@H*](1451)
	Max # selected atoms in residues: 14
Warning: Coordinates are being rotated and box coordinates are present.
Warning: Unit cell vectors are NOT rotated; imaging will not be possible
Warning:  after the RMS-fit is performed.
  1: [secstruct ss :* out 1us/ss.dat sumout 1us/ss_sum.dat assignout 1us/ss_assign.dat]
	Setting up for 173 solute residues.
Warning: Res GLY:1 is missing atoms H
Warning: Res PRO:23 is missing atoms H
Warning: Res PRO:27 is missing atoms H
Warning: Res PRO:48 is missing atoms H
Warning: Res PRO:82 is missing atoms H
Warning: Res PRO:147 is missing atoms H
	173 of 173 solute residues selected.
  2: [multidihedral phi resrange 1-173 out 1us/dihedrals_phi.dat]
	ResRange=[1-173] phi, 172 dihedrals.
  3: [multidihedral psi resrange 1-173 out 1us/dihedrals_psi.dat]
	ResRange=[1-173] psi, 172 dihedrals.

BEGIN PARALLEL TRAJECTORY PROCESSING:
 0% 10% 20% 31% 40% 50% 60% 70% 81% 90% 100% Complete.
TIME: Rank 0 throughput= 1259.1667 frames / second.
TIME: Rank 1 throughput= 1256.5466 frames / second.
TIME: Rank 2 throughput= 1251.7525 frames / second.
TIME: Rank 3 throughput= 1254.3274 frames / second.
TIME: Rank 4 throughput= 1275.2760 frames / second.
TIME: Rank 5 throughput= 1277.4002 frames / second.
TIME: Rank 6 throughput= 1268.5590 frames / second.
TIME: Rank 7 throughput= 1277.4002 frames / second.
TIME: Avg. throughput= 10013.6185 frames / second.

ACTION OUTPUT:
    RMSD: Per-residue: Writing data for 173 residues to 1us/rmsd_heavy_perres.dat
TIME:	DSSP total 0.0780 s
TIME:		Calc Hbonds 0.0726 s ( 93.05%)
TIME:		Assignment  0.0054 s (  6.92%)
Warning: Analysis does not currently use multiple MPI processes.
TIME: Analyses took 0.0000 seconds.

DATASETS (708 total):
	rms_heavy "rms_heavy" (double, rms), size is 1000 (8.000 kB)
	ss[None] "ss[None]" (float), size is 1000 (4.000 kB)
	ss[Extended] "ss[Extended]" (float), size is 1000 (4.000 kB)
	ss[Bridge] "ss[Bridge]" (float), size is 1000 (4.000 kB)
	ss[3-10] "ss[3-10]" (float), size is 1000 (4.000 kB)
	ss[Alpha] "ss[Alpha]" (float), size is 1000 (4.000 kB)
	ss[Pi] "ss[Pi]" (float), size is 1000 (4.000 kB)
	ss[Turn] "ss[Turn]" (float), size is 1000 (4.000 kB)
	ss[Bend] "ss[Bend]" (float), size is 1000 (4.000 kB)
	rms_heavy[res]:1 "GLY:1" (double, rms), size is 1000 (8.000 kB)
	rms_heavy[res]:2 "LYS:2" (double, rms), size is 1000 (8.000 kB)
	rms_heavy[res]:3 "ILE:3" (double, rms), size is 1000 (8.000 kB)
	rms_heavy[res]:4 "THR:4" (double, rms), size is 1000 (8.000 kB)
	rms_heavy[res]:5 "LEU:5" (double, rms), size is 1000 (8.000 kB)
	rms_heavy[res]:6 "TYR:6" (double, rms), size is 1000 (8.000 kB)
	rms_heavy[res]:7 "GLU:7" (double, rms), size is 1000 (8.000 kB)
	rms_heavy[res]:8 "ASP:8" (double, rms), size is 1000 (8.000 kB)
	rms_heavy[res]:9 "ARG:9" (double, rms), size is 1000 (8.000 kB)
	rms_heavy[res]:10 "GLY:10" (double, rms), size is 1000 (8.000 kB)
	rms_heavy[res]:11 "PHE:11" (double, rms), size is 1000 (8.000 kB)
	rms_heavy[res]:12 "GLN:12" (double, rms), size is 1000 (8.000 kB)
	rms_heavy[res]:13 "GLY:13" (double, rms), size is 1000 (8.000 kB)
	rms_heavy[res]:14 "ARG:14" (double, rms), size is 1000 (8.000 kB)
	rms_heavy[res]:15 "HIP:15" (double, rms), size is 1000 (8.000 kB)
	rms_heavy[res]:16 "TYR:16" (double, rms), size is 1000 (8.000 kB)
	rms_heavy[res]:17 "GLU:17" (double, rms), size is 1000 (8.000 kB)
	rms_heavy[res]:18 "CYS:18" (double, rms), size is 1000 (8.000 kB)
	rms_heavy[res]:19 "SER:19" (double, rms), size is 1000 (8.000 kB)
	rms_heavy[res]:20 "SER:20" (double, rms), size is 1000 (8.000 kB)
	rms_heavy[res]:21 "ASP:21" (double, rms), size is 1000 (8.000 kB)
	rms_heavy[res]:22 "HIP:22" (double, rms), size is 1000 (8.000 kB)
	rms_heavy[res]:23 "PRO:23" (double, rms), size is 1000 (8.000 kB)
	rms_heavy[res]:24 "ASN:24" (double, rms), size is 1000 (8.000 kB)
	rms_heavy[res]:25 "LEU:25" (double, rms), size is 1000 (8.000 kB)
	rms_heavy[res]:26 "GLN:26" (double, rms), size is 1000 (8.000 kB)
	rms_heavy[res]:27 "PRO:27" (double, rms), size is 1000 (8.000 kB)
	rms_heavy[res]:28 "TYR:28" (double, rms), size is 1000 (8.000 kB)
	rms_heavy[res]:29 "LEU:29" (double, rms), size is 1000 (8.000 kB)
	rms_heavy[res]:30 "SER:30" (double, rms), size is 1000 (8.000 kB)
	rms_heavy[res]:31 "ARG:31" (double, rms), size is 1000 (8.000 kB)
	rms_heavy[res]:32 "CYS:32" (double, rms), size is 1000 (8.000 kB)
	rms_heavy[res]:33 "ASN:33" (double, rms), size is 1000 (8.000 kB)
	rms_heavy[res]:34 "SER:34" (double, rms), size is 1000 (8.000 kB)
	rms_heavy[res]:35 "ALA:35" (double, rms), size is 1000 (8.000 kB)
	rms_heavy[res]:36 "ARG:36" (double, rms), size is 1000 (8.000 kB)
	rms_heavy[res]:37 "VAL:37" (double, rms), size is 1000 (8.000 kB)
	rms_heavy[res]:38 "ASP:38" (double, rms), size is 1000 (8.000 kB)
	rms_heavy[res]:39 "SER:39" (double, rms), size is 1000 (8.000 kB)
	rms_heavy[res]:40 "GLY:40" (double, rms), size is 1000 (8.000 kB)
	rms_heavy[res]:41 "CYS:41" (double, rms), size is 1000 (8.000 kB)
	rms_heavy[res]:42 "TRP:42" (double, rms), size is 1000 (8.000 kB)
	rms_heavy[res]:43 "MET:43" (double, rms), size is 1000 (8.000 kB)
	rms_heavy[res]:44 "LEU:44" (double, rms), size is 1000 (8.000 kB)
	rms_heavy[res]:45 "TYR:45" (double, rms), size is 1000 (8.000 kB)
	rms_heavy[res]:46 "GLU:46" (double, rms), size is 1000 (8.000 kB)
	rms_heavy[res]:47 "GLN:47" (double, rms), size is 1000 (8.000 kB)
	rms_heavy[res]:48 "PRO:48" (double, rms), size is 1000 (8.000 kB)
	rms_heavy[res]:49 "ASN:49" (double, rms), size is 1000 (8.000 kB)
	rms_heavy[res]:50 "TYR:50" (double, rms), size is 1000 (8.000 kB)
	rms_heavy[res]:51 "SER:51" (double, rms), size is 1000 (8.000 kB)
	rms_heavy[res]:52 "GLY:52" (double, rms), size is 1000 (8.000 kB)
	rms_heavy[res]:53 "LEU:53" (double, rms), size is 1000 (8.000 kB)
	rms_heavy[res]:54 "GLN:54" (double, rms), size is 1000 (8.000 kB)
	rms_heavy[res]:55 "TYR:55" (double, rms), size is 1000 (8.000 kB)
	rms_heavy[res]:56 "PHE:56" (double, rms), size is 1000 (8.000 kB)
	rms_heavy[res]:57 "LEU:57" (double, rms), size is 1000 (8.000 kB)
	rms_heavy[res]:58 "ARG:58" (double, rms), size is 1000 (8.000 kB)
	rms_heavy[res]:59 "ARG:59" (double, rms), size is 1000 (8.000 kB)
	rms_heavy[res]:60 "GLY:60" (double, rms), size is 1000 (8.000 kB)
	rms_heavy[res]:61 "ASP:61" (double, rms), size is 1000 (8.000 kB)
	rms_heavy[res]:62 "TYR:62" (double, rms), size is 1000 (8.000 kB)
	rms_heavy[res]:63 "ALA:63" (double, rms), size is 1000 (8.000 kB)
	rms_heavy[res]:64 "ASP:64" (double, rms), size is 1000 (8.000 kB)
	rms_heavy[res]:65 "HIP:65" (double, rms), size is 1000 (8.000 kB)
	rms_heavy[res]:66 "GLN:66" (double, rms), size is 1000 (8.000 kB)
	rms_heavy[res]:67 "GLN:67" (double, rms), size is 1000 (8.000 kB)
	rms_heavy[res]:68 "TRP:68" (double, rms), size is 1000 (8.000 kB)
	rms_heavy[res]:69 "MET:69" (double, rms), size is 1000 (8.000 kB)
	rms_heavy[res]:70 "GLY:70" (double, rms), size is 1000 (8.000 kB)
	rms_heavy[res]:71 "LEU:71" (double, rms), size is 1000 (8.000 kB)
	rms_heavy[res]:72 "SER:72" (double, rms), size is 1000 (8.000 kB)
	rms_heavy[res]:73 "ASP:73" (double, rms), size is 1000 (8.000 kB)
	rms_heavy[res]:74 "SER:74" (double, rms), size is 1000 (8.000 kB)
	rms_heavy[res]:75 "VAL:75" (double, rms), size is 1000 (8.000 kB)
	rms_heavy[res]:76 "ARG:76" (double, rms), size is 1000 (8.000 kB)
	rms_heavy[res]:77 "SER:77" (double, rms), size is 1000 (8.000 kB)
	rms_heavy[res]:78 "CYS:78" (double, rms), size is 1000 (8.000 kB)
	rms_heavy[res]:79 "ARG:79" (double, rms), size is 1000 (8.000 kB)
	rms_heavy[res]:80 "LEU:80" (double, rms), size is 1000 (8.000 kB)
	rms_heavy[res]:81 "ILE:81" (double, rms), size is 1000 (8.000 kB)
	rms_heavy[res]:82 "PRO:82" (double, rms), size is 1000 (8.000 kB)
	rms_heavy[res]:83 "HIP:83" (double, rms), size is 1000 (8.000 kB)
	rms_heavy[res]:84 "SER:84" (double, rms), size is 1000 (8.000 kB)
	rms_heavy[res]:85 "GLY:85" (double, rms), size is 1000 (8.000 kB)
	rms_heavy[res]:86 "SER:86" (double, rms), size is 1000 (8.000 kB)
	rms_heavy[res]:87 "HIP:87" (double, rms), size is 1000 (8.000 kB)
	rms_heavy[res]:88 "ARG:88" (double, rms), size is 1000 (8.000 kB)
	rms_heavy[res]:89 "ILE:89" (double, rms), size is 1000 (8.000 kB)
	rms_heavy[res]:90 "ARG:90" (double, rms), size is 1000 (8.000 kB)
	rms_heavy[res]:91 "LEU:91" (double, rms), size is 1000 (8.000 kB)
	rms_heavy[res]:92 "TYR:92" (double, rms), size is 1000 (8.000 kB)
	rms_heavy[res]:93 "GLU:93" (double, rms), size is 1000 (8.000 kB)
	rms_heavy[res]:94 "ARG:94" (double, rms), size is 1000 (8.000 kB)
	rms_heavy[res]:95 "GLU:95" (double, rms), size is 1000 (8.000 kB)
	rms_heavy[res]:96 "ASP:96" (double, rms), size is 1000 (8.000 kB)
	rms_heavy[res]:97 "TYR:97" (double, rms), size is 1000 (8.000 kB)
	rms_heavy[res]:98 "ARG:98" (double, rms), size is 1000 (8.000 kB)
	rms_heavy[res]:99 "GLY:99" (double, rms), size is 1000 (8.000 kB)
	rms_heavy[res]:100 "GLN:100" (double, rms), size is 1000 (8.000 kB)
	rms_heavy[res]:101 "MET:101" (double, rms), size is 1000 (8.000 kB)
	rms_heavy[res]:102 "ILE:102" (double, rms), size is 1000 (8.000 kB)
	rms_heavy[res]:103 "GLU:103" (double, rms), size is 1000 (8.000 kB)
	rms_heavy[res]:104 "PHE:104" (double, rms), size is 1000 (8.000 kB)
	rms_heavy[res]:105 "THR:105" (double, rms), size is 1000 (8.000 kB)
	rms_heavy[res]:106 "GLU:106" (double, rms), size is 1000 (8.000 kB)
	rms_heavy[res]:107 "ASP:107" (double, rms), size is 1000 (8.000 kB)
	rms_heavy[res]:108 "CYS:108" (double, rms), size is 1000 (8.000 kB)
	rms_heavy[res]:109 "SER:109" (double, rms), size is 1000 (8.000 kB)
	rms_heavy[res]:110 "CYS:110" (double, rms), size is 1000 (8.000 kB)
	rms_heavy[res]:111 "LEU:111" (double, rms), size is 1000 (8.000 kB)
	rms_heavy[res]:112 "GLN:112" (double, rms), size is 1000 (8.000 kB)
	rms_heavy[res]:113 "ASP:113" (double, rms), size is 1000 (8.000 kB)
	rms_heavy[res]:114 "ARG:114" (double, rms), size is 1000 (8.000 kB)
	rms_heavy[res]:115 "PHE:115" (double, rms), size is 1000 (8.000 kB)
	rms_heavy[res]:116 "ARG:116" (double, rms), size is 1000 (8.000 kB)
	rms_heavy[res]:117 "PHE:117" (double, rms), size is 1000 (8.000 kB)
	rms_heavy[res]:118 "ASN:118" (double, rms), size is 1000 (8.000 kB)
	rms_heavy[res]:119 "GLU:119" (double, rms), size is 1000 (8.000 kB)
	rms_heavy[res]:120 "ILE:120" (double, rms), size is 1000 (8.000 kB)
	rms_heavy[res]:121 "HIP:121" (double, rms), size is 1000 (8.000 kB)
	rms_heavy[res]:122 "SER:122" (double, rms), size is 1000 (8.000 kB)
	rms_heavy[res]:123 "LEU:123" (double, rms), size is 1000 (8.000 kB)
	rms_heavy[res]:124 "ASN:124" (double, rms), size is 1000 (8.000 kB)
	rms_heavy[res]:125 "VAL:125" (double, rms), size is 1000 (8.000 kB)
	rms_heavy[res]:126 "LEU:126" (double, rms), size is 1000 (8.000 kB)
	rms_heavy[res]:127 "GLU:127" (double, rms), size is 1000 (8.000 kB)
	rms_heavy[res]:128 "GLY:128" (double, rms), size is 1000 (8.000 kB)
	rms_heavy[res]:129 "SER:129" (double, rms), size is 1000 (8.000 kB)
	rms_heavy[res]:130 "TRP:130" (double, rms), size is 1000 (8.000 kB)
	rms_heavy[res]:131 "VAL:131" (double, rms), size is 1000 (8.000 kB)
	rms_heavy[res]:132 "LEU:132" (double, rms), size is 1000 (8.000 kB)
	rms_heavy[res]:133 "TYR:133" (double, rms), size is 1000 (8.000 kB)
	rms_heavy[res]:134 "GLU:134" (double, rms), size is 1000 (8.000 kB)
	rms_heavy[res]:135 "LEU:135" (double, rms), size is 1000 (8.000 kB)
	rms_heavy[res]:136 "SER:136" (double, rms), size is 1000 (8.000 kB)
	rms_heavy[res]:137 "ASN:137" (double, rms), size is 1000 (8.000 kB)
	rms_heavy[res]:138 "TYR:138" (double, rms), size is 1000 (8.000 kB)
	rms_heavy[res]:139 "ARG:139" (double, rms), size is 1000 (8.000 kB)
	rms_heavy[res]:140 "GLY:140" (double, rms), size is 1000 (8.000 kB)
	rms_heavy[res]:141 "ARG:141" (double, rms), size is 1000 (8.000 kB)
	rms_heavy[res]:142 "GLN:142" (double, rms), size is 1000 (8.000 kB)
	rms_heavy[res]:143 "TYR:143" (double, rms), size is 1000 (8.000 kB)
	rms_heavy[res]:144 "LEU:144" (double, rms), size is 1000 (8.000 kB)
	rms_heavy[res]:145 "LEU:145" (double, rms), size is 1000 (8.000 kB)
	rms_heavy[res]:146 "MET:146" (double, rms), size is 1000 (8.000 kB)
	rms_heavy[res]:147 "PRO:147" (double, rms), size is 1000 (8.000 kB)
	rms_heavy[res]:148 "GLY:148" (double, rms), size is 1000 (8.000 kB)
	rms_heavy[res]:149 "ASP:149" (double, rms), size is 1000 (8.000 kB)
	rms_heavy[res]:150 "TYR:150" (double, rms), size is 1000 (8.000 kB)
	rms_heavy[res]:151 "ARG:151" (double, rms), size is 1000 (8.000 kB)
	rms_heavy[res]:152 "ARG:152" (double, rms), size is 1000 (8.000 kB)
	rms_heavy[res]:153 "TYR:153" (double, rms), size is 1000 (8.000 kB)
	rms_heavy[res]:154 "GLN:154" (double, rms), size is 1000 (8.000 kB)
	rms_heavy[res]:155 "ASP:155" (double, rms), size is 1000 (8.000 kB)
	rms_heavy[res]:156 "TRP:156" (double, rms), size is 1000 (8.000 kB)
	rms_heavy[res]:157 "GLY:157" (double, rms), size is 1000 (8.000 kB)
	rms_heavy[res]:158 "ALA:158" (double, rms), size is 1000 (8.000 kB)
	rms_heavy[res]:159 "THR:159" (double, rms), size is 1000 (8.000 kB)
	rms_heavy[res]:160 "ASN:160" (double, rms), size is 1000 (8.000 kB)
	rms_heavy[res]:161 "ALA:161" (double, rms), size is 1000 (8.000 kB)
	rms_heavy[res]:162 "ARG:162" (double, rms), size is 1000 (8.000 kB)
	rms_heavy[res]:163 "VAL:163" (double, rms), size is 1000 (8.000 kB)
	rms_heavy[res]:164 "GLY:164" (double, rms), size is 1000 (8.000 kB)
	rms_heavy[res]:165 "SER:165" (double, rms), size is 1000 (8.000 kB)
	rms_heavy[res]:166 "LEU:166" (double, rms), size is 1000 (8.000 kB)
	rms_heavy[res]:167 "ARG:167" (double, rms), size is 1000 (8.000 kB)
	rms_heavy[res]:168 "ARG:168" (double, rms), size is 1000 (8.000 kB)
	rms_heavy[res]:169 "VAL:169" (double, rms), size is 1000 (8.000 kB)
	rms_heavy[res]:170 "ILE:170" (double, rms), size is 1000 (8.000 kB)
	rms_heavy[res]:171 "ASP:171" (double, rms), size is 1000 (8.000 kB)
	rms_heavy[res]:172 "PHE:172" (double, rms), size is 1000 (8.000 kB)
	rms_heavy[res]:173 "SER:173" (double, rms), size is 1000 (8.000 kB)
	ss[res]:1 "GLY:1" (integer), size is 1000 (4.000 kB)
	ss[res]:2 "LYS:2" (integer), size is 1000 (4.000 kB)
	ss[res]:3 "ILE:3" (integer), size is 1000 (4.000 kB)
	ss[res]:4 "THR:4" (integer), size is 1000 (4.000 kB)
	ss[res]:5 "LEU:5" (integer), size is 1000 (4.000 kB)
	ss[res]:6 "TYR:6" (integer), size is 1000 (4.000 kB)
	ss[res]:7 "GLU:7" (integer), size is 1000 (4.000 kB)
	ss[res]:8 "ASP:8" (integer), size is 1000 (4.000 kB)
	ss[res]:9 "ARG:9" (integer), size is 1000 (4.000 kB)
	ss[res]:10 "GLY:10" (integer), size is 1000 (4.000 kB)
	ss[res]:11 "PHE:11" (integer), size is 1000 (4.000 kB)
	ss[res]:12 "GLN:12" (integer), size is 1000 (4.000 kB)
	ss[res]:13 "GLY:13" (integer), size is 1000 (4.000 kB)
	ss[res]:14 "ARG:14" (integer), size is 1000 (4.000 kB)
	ss[res]:15 "HIP:15" (integer), size is 1000 (4.000 kB)
	ss[res]:16 "TYR:16" (integer), size is 1000 (4.000 kB)
	ss[res]:17 "GLU:17" (integer), size is 1000 (4.000 kB)
	ss[res]:18 "CYS:18" (integer), size is 1000 (4.000 kB)
	ss[res]:19 "SER:19" (integer), size is 1000 (4.000 kB)
	ss[res]:20 "SER:20" (integer), size is 1000 (4.000 kB)
	ss[res]:21 "ASP:21" (integer), size is 1000 (4.000 kB)
	ss[res]:22 "HIP:22" (integer), size is 1000 (4.000 kB)
	ss[res]:23 "PRO:23" (integer), size is 1000 (4.000 kB)
	ss[res]:24 "ASN:24" (integer), size is 1000 (4.000 kB)
	ss[res]:25 "LEU:25" (integer), size is 1000 (4.000 kB)
	ss[res]:26 "GLN:26" (integer), size is 1000 (4.000 kB)
	ss[res]:27 "PRO:27" (integer), size is 1000 (4.000 kB)
	ss[res]:28 "TYR:28" (integer), size is 1000 (4.000 kB)
	ss[res]:29 "LEU:29" (integer), size is 1000 (4.000 kB)
	ss[res]:30 "SER:30" (integer), size is 1000 (4.000 kB)
	ss[res]:31 "ARG:31" (integer), size is 1000 (4.000 kB)
	ss[res]:32 "CYS:32" (integer), size is 1000 (4.000 kB)
	ss[res]:33 "ASN:33" (integer), size is 1000 (4.000 kB)
	ss[res]:34 "SER:34" (integer), size is 1000 (4.000 kB)
	ss[res]:35 "ALA:35" (integer), size is 1000 (4.000 kB)
	ss[res]:36 "ARG:36" (integer), size is 1000 (4.000 kB)
	ss[res]:37 "VAL:37" (integer), size is 1000 (4.000 kB)
	ss[res]:38 "ASP:38" (integer), size is 1000 (4.000 kB)
	ss[res]:39 "SER:39" (integer), size is 1000 (4.000 kB)
	ss[res]:40 "GLY:40" (integer), size is 1000 (4.000 kB)
	ss[res]:41 "CYS:41" (integer), size is 1000 (4.000 kB)
	ss[res]:42 "TRP:42" (integer), size is 1000 (4.000 kB)
	ss[res]:43 "MET:43" (integer), size is 1000 (4.000 kB)
	ss[res]:44 "LEU:44" (integer), size is 1000 (4.000 kB)
	ss[res]:45 "TYR:45" (integer), size is 1000 (4.000 kB)
	ss[res]:46 "GLU:46" (integer), size is 1000 (4.000 kB)
	ss[res]:47 "GLN:47" (integer), size is 1000 (4.000 kB)
	ss[res]:48 "PRO:48" (integer), size is 1000 (4.000 kB)
	ss[res]:49 "ASN:49" (integer), size is 1000 (4.000 kB)
	ss[res]:50 "TYR:50" (integer), size is 1000 (4.000 kB)
	ss[res]:51 "SER:51" (integer), size is 1000 (4.000 kB)
	ss[res]:52 "GLY:52" (integer), size is 1000 (4.000 kB)
	ss[res]:53 "LEU:53" (integer), size is 1000 (4.000 kB)
	ss[res]:54 "GLN:54" (integer), size is 1000 (4.000 kB)
	ss[res]:55 "TYR:55" (integer), size is 1000 (4.000 kB)
	ss[res]:56 "PHE:56" (integer), size is 1000 (4.000 kB)
	ss[res]:57 "LEU:57" (integer), size is 1000 (4.000 kB)
	ss[res]:58 "ARG:58" (integer), size is 1000 (4.000 kB)
	ss[res]:59 "ARG:59" (integer), size is 1000 (4.000 kB)
	ss[res]:60 "GLY:60" (integer), size is 1000 (4.000 kB)
	ss[res]:61 "ASP:61" (integer), size is 1000 (4.000 kB)
	ss[res]:62 "TYR:62" (integer), size is 1000 (4.000 kB)
	ss[res]:63 "ALA:63" (integer), size is 1000 (4.000 kB)
	ss[res]:64 "ASP:64" (integer), size is 1000 (4.000 kB)
	ss[res]:65 "HIP:65" (integer), size is 1000 (4.000 kB)
	ss[res]:66 "GLN:66" (integer), size is 1000 (4.000 kB)
	ss[res]:67 "GLN:67" (integer), size is 1000 (4.000 kB)
	ss[res]:68 "TRP:68" (integer), size is 1000 (4.000 kB)
	ss[res]:69 "MET:69" (integer), size is 1000 (4.000 kB)
	ss[res]:70 "GLY:70" (integer), size is 1000 (4.000 kB)
	ss[res]:71 "LEU:71" (integer), size is 1000 (4.000 kB)
	ss[res]:72 "SER:72" (integer), size is 1000 (4.000 kB)
	ss[res]:73 "ASP:73" (integer), size is 1000 (4.000 kB)
	ss[res]:74 "SER:74" (integer), size is 1000 (4.000 kB)
	ss[res]:75 "VAL:75" (integer), size is 1000 (4.000 kB)
	ss[res]:76 "ARG:76" (integer), size is 1000 (4.000 kB)
	ss[res]:77 "SER:77" (integer), size is 1000 (4.000 kB)
	ss[res]:78 "CYS:78" (integer), size is 1000 (4.000 kB)
	ss[res]:79 "ARG:79" (integer), size is 1000 (4.000 kB)
	ss[res]:80 "LEU:80" (integer), size is 1000 (4.000 kB)
	ss[res]:81 "ILE:81" (integer), size is 1000 (4.000 kB)
	ss[res]:82 "PRO:82" (integer), size is 1000 (4.000 kB)
	ss[res]:83 "HIP:83" (integer), size is 1000 (4.000 kB)
	ss[res]:84 "SER:84" (integer), size is 1000 (4.000 kB)
	ss[res]:85 "GLY:85" (integer), size is 1000 (4.000 kB)
	ss[res]:86 "SER:86" (integer), size is 1000 (4.000 kB)
	ss[res]:87 "HIP:87" (integer), size is 1000 (4.000 kB)
	ss[res]:88 "ARG:88" (integer), size is 1000 (4.000 kB)
	ss[res]:89 "ILE:89" (integer), size is 1000 (4.000 kB)
	ss[res]:90 "ARG:90" (integer), size is 1000 (4.000 kB)
	ss[res]:91 "LEU:91" (integer), size is 1000 (4.000 kB)
	ss[res]:92 "TYR:92" (integer), size is 1000 (4.000 kB)
	ss[res]:93 "GLU:93" (integer), size is 1000 (4.000 kB)
	ss[res]:94 "ARG:94" (integer), size is 1000 (4.000 kB)
	ss[res]:95 "GLU:95" (integer), size is 1000 (4.000 kB)
	ss[res]:96 "ASP:96" (integer), size is 1000 (4.000 kB)
	ss[res]:97 "TYR:97" (integer), size is 1000 (4.000 kB)
	ss[res]:98 "ARG:98" (integer), size is 1000 (4.000 kB)
	ss[res]:99 "GLY:99" (integer), size is 1000 (4.000 kB)
	ss[res]:100 "GLN:100" (integer), size is 1000 (4.000 kB)
	ss[res]:101 "MET:101" (integer), size is 1000 (4.000 kB)
	ss[res]:102 "ILE:102" (integer), size is 1000 (4.000 kB)
	ss[res]:103 "GLU:103" (integer), size is 1000 (4.000 kB)
	ss[res]:104 "PHE:104" (integer), size is 1000 (4.000 kB)
	ss[res]:105 "THR:105" (integer), size is 1000 (4.000 kB)
	ss[res]:106 "GLU:106" (integer), size is 1000 (4.000 kB)
	ss[res]:107 "ASP:107" (integer), size is 1000 (4.000 kB)
	ss[res]:108 "CYS:108" (integer), size is 1000 (4.000 kB)
	ss[res]:109 "SER:109" (integer), size is 1000 (4.000 kB)
	ss[res]:110 "CYS:110" (integer), size is 1000 (4.000 kB)
	ss[res]:111 "LEU:111" (integer), size is 1000 (4.000 kB)
	ss[res]:112 "GLN:112" (integer), size is 1000 (4.000 kB)
	ss[res]:113 "ASP:113" (integer), size is 1000 (4.000 kB)
	ss[res]:114 "ARG:114" (integer), size is 1000 (4.000 kB)
	ss[res]:115 "PHE:115" (integer), size is 1000 (4.000 kB)
	ss[res]:116 "ARG:116" (integer), size is 1000 (4.000 kB)
	ss[res]:117 "PHE:117" (integer), size is 1000 (4.000 kB)
	ss[res]:118 "ASN:118" (integer), size is 1000 (4.000 kB)
	ss[res]:119 "GLU:119" (integer), size is 1000 (4.000 kB)
	ss[res]:120 "ILE:120" (integer), size is 1000 (4.000 kB)
	ss[res]:121 "HIP:121" (integer), size is 1000 (4.000 kB)
	ss[res]:122 "SER:122" (integer), size is 1000 (4.000 kB)
	ss[res]:123 "LEU:123" (integer), size is 1000 (4.000 kB)
	ss[res]:124 "ASN:124" (integer), size is 1000 (4.000 kB)
	ss[res]:125 "VAL:125" (integer), size is 1000 (4.000 kB)
	ss[res]:126 "LEU:126" (integer), size is 1000 (4.000 kB)
	ss[res]:127 "GLU:127" (integer), size is 1000 (4.000 kB)
	ss[res]:128 "GLY:128" (integer), size is 1000 (4.000 kB)
	ss[res]:129 "SER:129" (integer), size is 1000 (4.000 kB)
	ss[res]:130 "TRP:130" (integer), size is 1000 (4.000 kB)
	ss[res]:131 "VAL:131" (integer), size is 1000 (4.000 kB)
	ss[res]:132 "LEU:132" (integer), size is 1000 (4.000 kB)
	ss[res]:133 "TYR:133" (integer), size is 1000 (4.000 kB)
	ss[res]:134 "GLU:134" (integer), size is 1000 (4.000 kB)
	ss[res]:135 "LEU:135" (integer), size is 1000 (4.000 kB)
	ss[res]:136 "SER:136" (integer), size is 1000 (4.000 kB)
	ss[res]:137 "ASN:137" (integer), size is 1000 (4.000 kB)
	ss[res]:138 "TYR:138" (integer), size is 1000 (4.000 kB)
	ss[res]:139 "ARG:139" (integer), size is 1000 (4.000 kB)
	ss[res]:140 "GLY:140" (integer), size is 1000 (4.000 kB)
	ss[res]:141 "ARG:141" (integer), size is 1000 (4.000 kB)
	ss[res]:142 "GLN:142" (integer), size is 1000 (4.000 kB)
	ss[res]:143 "TYR:143" (integer), size is 1000 (4.000 kB)
	ss[res]:144 "LEU:144" (integer), size is 1000 (4.000 kB)
	ss[res]:145 "LEU:145" (integer), size is 1000 (4.000 kB)
	ss[res]:146 "MET:146" (integer), size is 1000 (4.000 kB)
	ss[res]:147 "PRO:147" (integer), size is 1000 (4.000 kB)
	ss[res]:148 "GLY:148" (integer), size is 1000 (4.000 kB)
	ss[res]:149 "ASP:149" (integer), size is 1000 (4.000 kB)
	ss[res]:150 "TYR:150" (integer), size is 1000 (4.000 kB)
	ss[res]:151 "ARG:151" (integer), size is 1000 (4.000 kB)
	ss[res]:152 "ARG:152" (integer), size is 1000 (4.000 kB)
	ss[res]:153 "TYR:153" (integer), size is 1000 (4.000 kB)
	ss[res]:154 "GLN:154" (integer), size is 1000 (4.000 kB)
	ss[res]:155 "ASP:155" (integer), size is 1000 (4.000 kB)
	ss[res]:156 "TRP:156" (integer), size is 1000 (4.000 kB)
	ss[res]:157 "GLY:157" (integer), size is 1000 (4.000 kB)
	ss[res]:158 "ALA:158" (integer), size is 1000 (4.000 kB)
	ss[res]:159 "THR:159" (integer), size is 1000 (4.000 kB)
	ss[res]:160 "ASN:160" (integer), size is 1000 (4.000 kB)
	ss[res]:161 "ALA:161" (integer), size is 1000 (4.000 kB)
	ss[res]:162 "ARG:162" (integer), size is 1000 (4.000 kB)
	ss[res]:163 "VAL:163" (integer), size is 1000 (4.000 kB)
	ss[res]:164 "GLY:164" (integer), size is 1000 (4.000 kB)
	ss[res]:165 "SER:165" (integer), size is 1000 (4.000 kB)
	ss[res]:166 "LEU:166" (integer), size is 1000 (4.000 kB)
	ss[res]:167 "ARG:167" (integer), size is 1000 (4.000 kB)
	ss[res]:168 "ARG:168" (integer), size is 1000 (4.000 kB)
	ss[res]:169 "VAL:169" (integer), size is 1000 (4.000 kB)
	ss[res]:170 "ILE:170" (integer), size is 1000 (4.000 kB)
	ss[res]:171 "ASP:171" (integer), size is 1000 (4.000 kB)
	ss[res]:172 "PHE:172" (integer), size is 1000 (4.000 kB)
	ss[res]:173 "SER:173" (integer), size is 1000 (4.000 kB)
	MDIH_00357[phi]:2 "phi:2" (double, torsion(phi)), size is 1000 (8.000 kB)
	MDIH_00357[phi]:3 "phi:3" (double, torsion(phi)), size is 1000 (8.000 kB)
	MDIH_00357[phi]:4 "phi:4" (double, torsion(phi)), size is 1000 (8.000 kB)
	MDIH_00357[phi]:5 "phi:5" (double, torsion(phi)), size is 1000 (8.000 kB)
	MDIH_00357[phi]:6 "phi:6" (double, torsion(phi)), size is 1000 (8.000 kB)
	MDIH_00357[phi]:7 "phi:7" (double, torsion(phi)), size is 1000 (8.000 kB)
	MDIH_00357[phi]:8 "phi:8" (double, torsion(phi)), size is 1000 (8.000 kB)
	MDIH_00357[phi]:9 "phi:9" (double, torsion(phi)), size is 1000 (8.000 kB)
	MDIH_00357[phi]:10 "phi:10" (double, torsion(phi)), size is 1000 (8.000 kB)
	MDIH_00357[phi]:11 "phi:11" (double, torsion(phi)), size is 1000 (8.000 kB)
	MDIH_00357[phi]:12 "phi:12" (double, torsion(phi)), size is 1000 (8.000 kB)
	MDIH_00357[phi]:13 "phi:13" (double, torsion(phi)), size is 1000 (8.000 kB)
	MDIH_00357[phi]:14 "phi:14" (double, torsion(phi)), size is 1000 (8.000 kB)
	MDIH_00357[phi]:15 "phi:15" (double, torsion(phi)), size is 1000 (8.000 kB)
	MDIH_00357[phi]:16 "phi:16" (double, torsion(phi)), size is 1000 (8.000 kB)
	MDIH_00357[phi]:17 "phi:17" (double, torsion(phi)), size is 1000 (8.000 kB)
	MDIH_00357[phi]:18 "phi:18" (double, torsion(phi)), size is 1000 (8.000 kB)
	MDIH_00357[phi]:19 "phi:19" (double, torsion(phi)), size is 1000 (8.000 kB)
	MDIH_00357[phi]:20 "phi:20" (double, torsion(phi)), size is 1000 (8.000 kB)
	MDIH_00357[phi]:21 "phi:21" (double, torsion(phi)), size is 1000 (8.000 kB)
	MDIH_00357[phi]:22 "phi:22" (double, torsion(phi)), size is 1000 (8.000 kB)
	MDIH_00357[phi]:23 "phi:23" (double, torsion(phi)), size is 1000 (8.000 kB)
	MDIH_00357[phi]:24 "phi:24" (double, torsion(phi)), size is 1000 (8.000 kB)
	MDIH_00357[phi]:25 "phi:25" (double, torsion(phi)), size is 1000 (8.000 kB)
	MDIH_00357[phi]:26 "phi:26" (double, torsion(phi)), size is 1000 (8.000 kB)
	MDIH_00357[phi]:27 "phi:27" (double, torsion(phi)), size is 1000 (8.000 kB)
	MDIH_00357[phi]:28 "phi:28" (double, torsion(phi)), size is 1000 (8.000 kB)
	MDIH_00357[phi]:29 "phi:29" (double, torsion(phi)), size is 1000 (8.000 kB)
	MDIH_00357[phi]:30 "phi:30" (double, torsion(phi)), size is 1000 (8.000 kB)
	MDIH_00357[phi]:31 "phi:31" (double, torsion(phi)), size is 1000 (8.000 kB)
	MDIH_00357[phi]:32 "phi:32" (double, torsion(phi)), size is 1000 (8.000 kB)
	MDIH_00357[phi]:33 "phi:33" (double, torsion(phi)), size is 1000 (8.000 kB)
	MDIH_00357[phi]:34 "phi:34" (double, torsion(phi)), size is 1000 (8.000 kB)
	MDIH_00357[phi]:35 "phi:35" (double, torsion(phi)), size is 1000 (8.000 kB)
	MDIH_00357[phi]:36 "phi:36" (double, torsion(phi)), size is 1000 (8.000 kB)
	MDIH_00357[phi]:37 "phi:37" (double, torsion(phi)), size is 1000 (8.000 kB)
	MDIH_00357[phi]:38 "phi:38" (double, torsion(phi)), size is 1000 (8.000 kB)
	MDIH_00357[phi]:39 "phi:39" (double, torsion(phi)), size is 1000 (8.000 kB)
	MDIH_00357[phi]:40 "phi:40" (double, torsion(phi)), size is 1000 (8.000 kB)
	MDIH_00357[phi]:41 "phi:41" (double, torsion(phi)), size is 1000 (8.000 kB)
	MDIH_00357[phi]:42 "phi:42" (double, torsion(phi)), size is 1000 (8.000 kB)
	MDIH_00357[phi]:43 "phi:43" (double, torsion(phi)), size is 1000 (8.000 kB)
	MDIH_00357[phi]:44 "phi:44" (double, torsion(phi)), size is 1000 (8.000 kB)
	MDIH_00357[phi]:45 "phi:45" (double, torsion(phi)), size is 1000 (8.000 kB)
	MDIH_00357[phi]:46 "phi:46" (double, torsion(phi)), size is 1000 (8.000 kB)
	MDIH_00357[phi]:47 "phi:47" (double, torsion(phi)), size is 1000 (8.000 kB)
	MDIH_00357[phi]:48 "phi:48" (double, torsion(phi)), size is 1000 (8.000 kB)
	MDIH_00357[phi]:49 "phi:49" (double, torsion(phi)), size is 1000 (8.000 kB)
	MDIH_00357[phi]:50 "phi:50" (double, torsion(phi)), size is 1000 (8.000 kB)
	MDIH_00357[phi]:51 "phi:51" (double, torsion(phi)), size is 1000 (8.000 kB)
	MDIH_00357[phi]:52 "phi:52" (double, torsion(phi)), size is 1000 (8.000 kB)
	MDIH_00357[phi]:53 "phi:53" (double, torsion(phi)), size is 1000 (8.000 kB)
	MDIH_00357[phi]:54 "phi:54" (double, torsion(phi)), size is 1000 (8.000 kB)
	MDIH_00357[phi]:55 "phi:55" (double, torsion(phi)), size is 1000 (8.000 kB)
	MDIH_00357[phi]:56 "phi:56" (double, torsion(phi)), size is 1000 (8.000 kB)
	MDIH_00357[phi]:57 "phi:57" (double, torsion(phi)), size is 1000 (8.000 kB)
	MDIH_00357[phi]:58 "phi:58" (double, torsion(phi)), size is 1000 (8.000 kB)
	MDIH_00357[phi]:59 "phi:59" (double, torsion(phi)), size is 1000 (8.000 kB)
	MDIH_00357[phi]:60 "phi:60" (double, torsion(phi)), size is 1000 (8.000 kB)
	MDIH_00357[phi]:61 "phi:61" (double, torsion(phi)), size is 1000 (8.000 kB)
	MDIH_00357[phi]:62 "phi:62" (double, torsion(phi)), size is 1000 (8.000 kB)
	MDIH_00357[phi]:63 "phi:63" (double, torsion(phi)), size is 1000 (8.000 kB)
	MDIH_00357[phi]:64 "phi:64" (double, torsion(phi)), size is 1000 (8.000 kB)
	MDIH_00357[phi]:65 "phi:65" (double, torsion(phi)), size is 1000 (8.000 kB)
	MDIH_00357[phi]:66 "phi:66" (double, torsion(phi)), size is 1000 (8.000 kB)
	MDIH_00357[phi]:67 "phi:67" (double, torsion(phi)), size is 1000 (8.000 kB)
	MDIH_00357[phi]:68 "phi:68" (double, torsion(phi)), size is 1000 (8.000 kB)
	MDIH_00357[phi]:69 "phi:69" (double, torsion(phi)), size is 1000 (8.000 kB)
	MDIH_00357[phi]:70 "phi:70" (double, torsion(phi)), size is 1000 (8.000 kB)
	MDIH_00357[phi]:71 "phi:71" (double, torsion(phi)), size is 1000 (8.000 kB)
	MDIH_00357[phi]:72 "phi:72" (double, torsion(phi)), size is 1000 (8.000 kB)
	MDIH_00357[phi]:73 "phi:73" (double, torsion(phi)), size is 1000 (8.000 kB)
	MDIH_00357[phi]:74 "phi:74" (double, torsion(phi)), size is 1000 (8.000 kB)
	MDIH_00357[phi]:75 "phi:75" (double, torsion(phi)), size is 1000 (8.000 kB)
	MDIH_00357[phi]:76 "phi:76" (double, torsion(phi)), size is 1000 (8.000 kB)
	MDIH_00357[phi]:77 "phi:77" (double, torsion(phi)), size is 1000 (8.000 kB)
	MDIH_00357[phi]:78 "phi:78" (double, torsion(phi)), size is 1000 (8.000 kB)
	MDIH_00357[phi]:79 "phi:79" (double, torsion(phi)), size is 1000 (8.000 kB)
	MDIH_00357[phi]:80 "phi:80" (double, torsion(phi)), size is 1000 (8.000 kB)
	MDIH_00357[phi]:81 "phi:81" (double, torsion(phi)), size is 1000 (8.000 kB)
	MDIH_00357[phi]:82 "phi:82" (double, torsion(phi)), size is 1000 (8.000 kB)
	MDIH_00357[phi]:83 "phi:83" (double, torsion(phi)), size is 1000 (8.000 kB)
	MDIH_00357[phi]:84 "phi:84" (double, torsion(phi)), size is 1000 (8.000 kB)
	MDIH_00357[phi]:85 "phi:85" (double, torsion(phi)), size is 1000 (8.000 kB)
	MDIH_00357[phi]:86 "phi:86" (double, torsion(phi)), size is 1000 (8.000 kB)
	MDIH_00357[phi]:87 "phi:87" (double, torsion(phi)), size is 1000 (8.000 kB)
	MDIH_00357[phi]:88 "phi:88" (double, torsion(phi)), size is 1000 (8.000 kB)
	MDIH_00357[phi]:89 "phi:89" (double, torsion(phi)), size is 1000 (8.000 kB)
	MDIH_00357[phi]:90 "phi:90" (double, torsion(phi)), size is 1000 (8.000 kB)
	MDIH_00357[phi]:91 "phi:91" (double, torsion(phi)), size is 1000 (8.000 kB)
	MDIH_00357[phi]:92 "phi:92" (double, torsion(phi)), size is 1000 (8.000 kB)
	MDIH_00357[phi]:93 "phi:93" (double, torsion(phi)), size is 1000 (8.000 kB)
	MDIH_00357[phi]:94 "phi:94" (double, torsion(phi)), size is 1000 (8.000 kB)
	MDIH_00357[phi]:95 "phi:95" (double, torsion(phi)), size is 1000 (8.000 kB)
	MDIH_00357[phi]:96 "phi:96" (double, torsion(phi)), size is 1000 (8.000 kB)
	MDIH_00357[phi]:97 "phi:97" (double, torsion(phi)), size is 1000 (8.000 kB)
	MDIH_00357[phi]:98 "phi:98" (double, torsion(phi)), size is 1000 (8.000 kB)
	MDIH_00357[phi]:99 "phi:99" (double, torsion(phi)), size is 1000 (8.000 kB)
	MDIH_00357[phi]:100 "phi:100" (double, torsion(phi)), size is 1000 (8.000 kB)
	MDIH_00357[phi]:101 "phi:101" (double, torsion(phi)), size is 1000 (8.000 kB)
	MDIH_00357[phi]:102 "phi:102" (double, torsion(phi)), size is 1000 (8.000 kB)
	MDIH_00357[phi]:103 "phi:103" (double, torsion(phi)), size is 1000 (8.000 kB)
	MDIH_00357[phi]:104 "phi:104" (double, torsion(phi)), size is 1000 (8.000 kB)
	MDIH_00357[phi]:105 "phi:105" (double, torsion(phi)), size is 1000 (8.000 kB)
	MDIH_00357[phi]:106 "phi:106" (double, torsion(phi)), size is 1000 (8.000 kB)
	MDIH_00357[phi]:107 "phi:107" (double, torsion(phi)), size is 1000 (8.000 kB)
	MDIH_00357[phi]:108 "phi:108" (double, torsion(phi)), size is 1000 (8.000 kB)
	MDIH_00357[phi]:109 "phi:109" (double, torsion(phi)), size is 1000 (8.000 kB)
	MDIH_00357[phi]:110 "phi:110" (double, torsion(phi)), size is 1000 (8.000 kB)
	MDIH_00357[phi]:111 "phi:111" (double, torsion(phi)), size is 1000 (8.000 kB)
	MDIH_00357[phi]:112 "phi:112" (double, torsion(phi)), size is 1000 (8.000 kB)
	MDIH_00357[phi]:113 "phi:113" (double, torsion(phi)), size is 1000 (8.000 kB)
	MDIH_00357[phi]:114 "phi:114" (double, torsion(phi)), size is 1000 (8.000 kB)
	MDIH_00357[phi]:115 "phi:115" (double, torsion(phi)), size is 1000 (8.000 kB)
	MDIH_00357[phi]:116 "phi:116" (double, torsion(phi)), size is 1000 (8.000 kB)
	MDIH_00357[phi]:117 "phi:117" (double, torsion(phi)), size is 1000 (8.000 kB)
	MDIH_00357[phi]:118 "phi:118" (double, torsion(phi)), size is 1000 (8.000 kB)
	MDIH_00357[phi]:119 "phi:119" (double, torsion(phi)), size is 1000 (8.000 kB)
	MDIH_00357[phi]:120 "phi:120" (double, torsion(phi)), size is 1000 (8.000 kB)
	MDIH_00357[phi]:121 "phi:121" (double, torsion(phi)), size is 1000 (8.000 kB)
	MDIH_00357[phi]:122 "phi:122" (double, torsion(phi)), size is 1000 (8.000 kB)
	MDIH_00357[phi]:123 "phi:123" (double, torsion(phi)), size is 1000 (8.000 kB)
	MDIH_00357[phi]:124 "phi:124" (double, torsion(phi)), size is 1000 (8.000 kB)
	MDIH_00357[phi]:125 "phi:125" (double, torsion(phi)), size is 1000 (8.000 kB)
	MDIH_00357[phi]:126 "phi:126" (double, torsion(phi)), size is 1000 (8.000 kB)
	MDIH_00357[phi]:127 "phi:127" (double, torsion(phi)), size is 1000 (8.000 kB)
	MDIH_00357[phi]:128 "phi:128" (double, torsion(phi)), size is 1000 (8.000 kB)
	MDIH_00357[phi]:129 "phi:129" (double, torsion(phi)), size is 1000 (8.000 kB)
	MDIH_00357[phi]:130 "phi:130" (double, torsion(phi)), size is 1000 (8.000 kB)
	MDIH_00357[phi]:131 "phi:131" (double, torsion(phi)), size is 1000 (8.000 kB)
	MDIH_00357[phi]:132 "phi:132" (double, torsion(phi)), size is 1000 (8.000 kB)
	MDIH_00357[phi]:133 "phi:133" (double, torsion(phi)), size is 1000 (8.000 kB)
	MDIH_00357[phi]:134 "phi:134" (double, torsion(phi)), size is 1000 (8.000 kB)
	MDIH_00357[phi]:135 "phi:135" (double, torsion(phi)), size is 1000 (8.000 kB)
	MDIH_00357[phi]:136 "phi:136" (double, torsion(phi)), size is 1000 (8.000 kB)
	MDIH_00357[phi]:137 "phi:137" (double, torsion(phi)), size is 1000 (8.000 kB)
	MDIH_00357[phi]:138 "phi:138" (double, torsion(phi)), size is 1000 (8.000 kB)
	MDIH_00357[phi]:139 "phi:139" (double, torsion(phi)), size is 1000 (8.000 kB)
	MDIH_00357[phi]:140 "phi:140" (double, torsion(phi)), size is 1000 (8.000 kB)
	MDIH_00357[phi]:141 "phi:141" (double, torsion(phi)), size is 1000 (8.000 kB)
	MDIH_00357[phi]:142 "phi:142" (double, torsion(phi)), size is 1000 (8.000 kB)
	MDIH_00357[phi]:143 "phi:143" (double, torsion(phi)), size is 1000 (8.000 kB)
	MDIH_00357[phi]:144 "phi:144" (double, torsion(phi)), size is 1000 (8.000 kB)
	MDIH_00357[phi]:145 "phi:145" (double, torsion(phi)), size is 1000 (8.000 kB)
	MDIH_00357[phi]:146 "phi:146" (double, torsion(phi)), size is 1000 (8.000 kB)
	MDIH_00357[phi]:147 "phi:147" (double, torsion(phi)), size is 1000 (8.000 kB)
	MDIH_00357[phi]:148 "phi:148" (double, torsion(phi)), size is 1000 (8.000 kB)
	MDIH_00357[phi]:149 "phi:149" (double, torsion(phi)), size is 1000 (8.000 kB)
	MDIH_00357[phi]:150 "phi:150" (double, torsion(phi)), size is 1000 (8.000 kB)
	MDIH_00357[phi]:151 "phi:151" (double, torsion(phi)), size is 1000 (8.000 kB)
	MDIH_00357[phi]:152 "phi:152" (double, torsion(phi)), size is 1000 (8.000 kB)
	MDIH_00357[phi]:153 "phi:153" (double, torsion(phi)), size is 1000 (8.000 kB)
	MDIH_00357[phi]:154 "phi:154" (double, torsion(phi)), size is 1000 (8.000 kB)
	MDIH_00357[phi]:155 "phi:155" (double, torsion(phi)), size is 1000 (8.000 kB)
	MDIH_00357[phi]:156 "phi:156" (double, torsion(phi)), size is 1000 (8.000 kB)
	MDIH_00357[phi]:157 "phi:157" (double, torsion(phi)), size is 1000 (8.000 kB)
	MDIH_00357[phi]:158 "phi:158" (double, torsion(phi)), size is 1000 (8.000 kB)
	MDIH_00357[phi]:159 "phi:159" (double, torsion(phi)), size is 1000 (8.000 kB)
	MDIH_00357[phi]:160 "phi:160" (double, torsion(phi)), size is 1000 (8.000 kB)
	MDIH_00357[phi]:161 "phi:161" (double, torsion(phi)), size is 1000 (8.000 kB)
	MDIH_00357[phi]:162 "phi:162" (double, torsion(phi)), size is 1000 (8.000 kB)
	MDIH_00357[phi]:163 "phi:163" (double, torsion(phi)), size is 1000 (8.000 kB)
	MDIH_00357[phi]:164 "phi:164" (double, torsion(phi)), size is 1000 (8.000 kB)
	MDIH_00357[phi]:165 "phi:165" (double, torsion(phi)), size is 1000 (8.000 kB)
	MDIH_00357[phi]:166 "phi:166" (double, torsion(phi)), size is 1000 (8.000 kB)
	MDIH_00357[phi]:167 "phi:167" (double, torsion(phi)), size is 1000 (8.000 kB)
	MDIH_00357[phi]:168 "phi:168" (double, torsion(phi)), size is 1000 (8.000 kB)
	MDIH_00357[phi]:169 "phi:169" (double, torsion(phi)), size is 1000 (8.000 kB)
	MDIH_00357[phi]:170 "phi:170" (double, torsion(phi)), size is 1000 (8.000 kB)
	MDIH_00357[phi]:171 "phi:171" (double, torsion(phi)), size is 1000 (8.000 kB)
	MDIH_00357[phi]:172 "phi:172" (double, torsion(phi)), size is 1000 (8.000 kB)
	MDIH_00357[phi]:173 "phi:173" (double, torsion(phi)), size is 1000 (8.000 kB)
	MDIH_00529[psi]:1 "psi:1" (double, torsion(psi)), size is 1000 (8.000 kB)
	MDIH_00529[psi]:2 "psi:2" (double, torsion(psi)), size is 1000 (8.000 kB)
	MDIH_00529[psi]:3 "psi:3" (double, torsion(psi)), size is 1000 (8.000 kB)
	MDIH_00529[psi]:4 "psi:4" (double, torsion(psi)), size is 1000 (8.000 kB)
	MDIH_00529[psi]:5 "psi:5" (double, torsion(psi)), size is 1000 (8.000 kB)
	MDIH_00529[psi]:6 "psi:6" (double, torsion(psi)), size is 1000 (8.000 kB)
	MDIH_00529[psi]:7 "psi:7" (double, torsion(psi)), size is 1000 (8.000 kB)
	MDIH_00529[psi]:8 "psi:8" (double, torsion(psi)), size is 1000 (8.000 kB)
	MDIH_00529[psi]:9 "psi:9" (double, torsion(psi)), size is 1000 (8.000 kB)
	MDIH_00529[psi]:10 "psi:10" (double, torsion(psi)), size is 1000 (8.000 kB)
	MDIH_00529[psi]:11 "psi:11" (double, torsion(psi)), size is 1000 (8.000 kB)
	MDIH_00529[psi]:12 "psi:12" (double, torsion(psi)), size is 1000 (8.000 kB)
	MDIH_00529[psi]:13 "psi:13" (double, torsion(psi)), size is 1000 (8.000 kB)
	MDIH_00529[psi]:14 "psi:14" (double, torsion(psi)), size is 1000 (8.000 kB)
	MDIH_00529[psi]:15 "psi:15" (double, torsion(psi)), size is 1000 (8.000 kB)
	MDIH_00529[psi]:16 "psi:16" (double, torsion(psi)), size is 1000 (8.000 kB)
	MDIH_00529[psi]:17 "psi:17" (double, torsion(psi)), size is 1000 (8.000 kB)
	MDIH_00529[psi]:18 "psi:18" (double, torsion(psi)), size is 1000 (8.000 kB)
	MDIH_00529[psi]:19 "psi:19" (double, torsion(psi)), size is 1000 (8.000 kB)
	MDIH_00529[psi]:20 "psi:20" (double, torsion(psi)), size is 1000 (8.000 kB)
	MDIH_00529[psi]:21 "psi:21" (double, torsion(psi)), size is 1000 (8.000 kB)
	MDIH_00529[psi]:22 "psi:22" (double, torsion(psi)), size is 1000 (8.000 kB)
	MDIH_00529[psi]:23 "psi:23" (double, torsion(psi)), size is 1000 (8.000 kB)
	MDIH_00529[psi]:24 "psi:24" (double, torsion(psi)), size is 1000 (8.000 kB)
	MDIH_00529[psi]:25 "psi:25" (double, torsion(psi)), size is 1000 (8.000 kB)
	MDIH_00529[psi]:26 "psi:26" (double, torsion(psi)), size is 1000 (8.000 kB)
	MDIH_00529[psi]:27 "psi:27" (double, torsion(psi)), size is 1000 (8.000 kB)
	MDIH_00529[psi]:28 "psi:28" (double, torsion(psi)), size is 1000 (8.000 kB)
	MDIH_00529[psi]:29 "psi:29" (double, torsion(psi)), size is 1000 (8.000 kB)
	MDIH_00529[psi]:30 "psi:30" (double, torsion(psi)), size is 1000 (8.000 kB)
	MDIH_00529[psi]:31 "psi:31" (double, torsion(psi)), size is 1000 (8.000 kB)
	MDIH_00529[psi]:32 "psi:32" (double, torsion(psi)), size is 1000 (8.000 kB)
	MDIH_00529[psi]:33 "psi:33" (double, torsion(psi)), size is 1000 (8.000 kB)
	MDIH_00529[psi]:34 "psi:34" (double, torsion(psi)), size is 1000 (8.000 kB)
	MDIH_00529[psi]:35 "psi:35" (double, torsion(psi)), size is 1000 (8.000 kB)
	MDIH_00529[psi]:36 "psi:36" (double, torsion(psi)), size is 1000 (8.000 kB)
	MDIH_00529[psi]:37 "psi:37" (double, torsion(psi)), size is 1000 (8.000 kB)
	MDIH_00529[psi]:38 "psi:38" (double, torsion(psi)), size is 1000 (8.000 kB)
	MDIH_00529[psi]:39 "psi:39" (double, torsion(psi)), size is 1000 (8.000 kB)
	MDIH_00529[psi]:40 "psi:40" (double, torsion(psi)), size is 1000 (8.000 kB)
	MDIH_00529[psi]:41 "psi:41" (double, torsion(psi)), size is 1000 (8.000 kB)
	MDIH_00529[psi]:42 "psi:42" (double, torsion(psi)), size is 1000 (8.000 kB)
	MDIH_00529[psi]:43 "psi:43" (double, torsion(psi)), size is 1000 (8.000 kB)
	MDIH_00529[psi]:44 "psi:44" (double, torsion(psi)), size is 1000 (8.000 kB)
	MDIH_00529[psi]:45 "psi:45" (double, torsion(psi)), size is 1000 (8.000 kB)
	MDIH_00529[psi]:46 "psi:46" (double, torsion(psi)), size is 1000 (8.000 kB)
	MDIH_00529[psi]:47 "psi:47" (double, torsion(psi)), size is 1000 (8.000 kB)
	MDIH_00529[psi]:48 "psi:48" (double, torsion(psi)), size is 1000 (8.000 kB)
	MDIH_00529[psi]:49 "psi:49" (double, torsion(psi)), size is 1000 (8.000 kB)
	MDIH_00529[psi]:50 "psi:50" (double, torsion(psi)), size is 1000 (8.000 kB)
	MDIH_00529[psi]:51 "psi:51" (double, torsion(psi)), size is 1000 (8.000 kB)
	MDIH_00529[psi]:52 "psi:52" (double, torsion(psi)), size is 1000 (8.000 kB)
	MDIH_00529[psi]:53 "psi:53" (double, torsion(psi)), size is 1000 (8.000 kB)
	MDIH_00529[psi]:54 "psi:54" (double, torsion(psi)), size is 1000 (8.000 kB)
	MDIH_00529[psi]:55 "psi:55" (double, torsion(psi)), size is 1000 (8.000 kB)
	MDIH_00529[psi]:56 "psi:56" (double, torsion(psi)), size is 1000 (8.000 kB)
	MDIH_00529[psi]:57 "psi:57" (double, torsion(psi)), size is 1000 (8.000 kB)
	MDIH_00529[psi]:58 "psi:58" (double, torsion(psi)), size is 1000 (8.000 kB)
	MDIH_00529[psi]:59 "psi:59" (double, torsion(psi)), size is 1000 (8.000 kB)
	MDIH_00529[psi]:60 "psi:60" (double, torsion(psi)), size is 1000 (8.000 kB)
	MDIH_00529[psi]:61 "psi:61" (double, torsion(psi)), size is 1000 (8.000 kB)
	MDIH_00529[psi]:62 "psi:62" (double, torsion(psi)), size is 1000 (8.000 kB)
	MDIH_00529[psi]:63 "psi:63" (double, torsion(psi)), size is 1000 (8.000 kB)
	MDIH_00529[psi]:64 "psi:64" (double, torsion(psi)), size is 1000 (8.000 kB)
	MDIH_00529[psi]:65 "psi:65" (double, torsion(psi)), size is 1000 (8.000 kB)
	MDIH_00529[psi]:66 "psi:66" (double, torsion(psi)), size is 1000 (8.000 kB)
	MDIH_00529[psi]:67 "psi:67" (double, torsion(psi)), size is 1000 (8.000 kB)
	MDIH_00529[psi]:68 "psi:68" (double, torsion(psi)), size is 1000 (8.000 kB)
	MDIH_00529[psi]:69 "psi:69" (double, torsion(psi)), size is 1000 (8.000 kB)
	MDIH_00529[psi]:70 "psi:70" (double, torsion(psi)), size is 1000 (8.000 kB)
	MDIH_00529[psi]:71 "psi:71" (double, torsion(psi)), size is 1000 (8.000 kB)
	MDIH_00529[psi]:72 "psi:72" (double, torsion(psi)), size is 1000 (8.000 kB)
	MDIH_00529[psi]:73 "psi:73" (double, torsion(psi)), size is 1000 (8.000 kB)
	MDIH_00529[psi]:74 "psi:74" (double, torsion(psi)), size is 1000 (8.000 kB)
	MDIH_00529[psi]:75 "psi:75" (double, torsion(psi)), size is 1000 (8.000 kB)
	MDIH_00529[psi]:76 "psi:76" (double, torsion(psi)), size is 1000 (8.000 kB)
	MDIH_00529[psi]:77 "psi:77" (double, torsion(psi)), size is 1000 (8.000 kB)
	MDIH_00529[psi]:78 "psi:78" (double, torsion(psi)), size is 1000 (8.000 kB)
	MDIH_00529[psi]:79 "psi:79" (double, torsion(psi)), size is 1000 (8.000 kB)
	MDIH_00529[psi]:80 "psi:80" (double, torsion(psi)), size is 1000 (8.000 kB)
	MDIH_00529[psi]:81 "psi:81" (double, torsion(psi)), size is 1000 (8.000 kB)
	MDIH_00529[psi]:82 "psi:82" (double, torsion(psi)), size is 1000 (8.000 kB)
	MDIH_00529[psi]:83 "psi:83" (double, torsion(psi)), size is 1000 (8.000 kB)
	MDIH_00529[psi]:84 "psi:84" (double, torsion(psi)), size is 1000 (8.000 kB)
	MDIH_00529[psi]:85 "psi:85" (double, torsion(psi)), size is 1000 (8.000 kB)
	MDIH_00529[psi]:86 "psi:86" (double, torsion(psi)), size is 1000 (8.000 kB)
	MDIH_00529[psi]:87 "psi:87" (double, torsion(psi)), size is 1000 (8.000 kB)
	MDIH_00529[psi]:88 "psi:88" (double, torsion(psi)), size is 1000 (8.000 kB)
	MDIH_00529[psi]:89 "psi:89" (double, torsion(psi)), size is 1000 (8.000 kB)
	MDIH_00529[psi]:90 "psi:90" (double, torsion(psi)), size is 1000 (8.000 kB)
	MDIH_00529[psi]:91 "psi:91" (double, torsion(psi)), size is 1000 (8.000 kB)
	MDIH_00529[psi]:92 "psi:92" (double, torsion(psi)), size is 1000 (8.000 kB)
	MDIH_00529[psi]:93 "psi:93" (double, torsion(psi)), size is 1000 (8.000 kB)
	MDIH_00529[psi]:94 "psi:94" (double, torsion(psi)), size is 1000 (8.000 kB)
	MDIH_00529[psi]:95 "psi:95" (double, torsion(psi)), size is 1000 (8.000 kB)
	MDIH_00529[psi]:96 "psi:96" (double, torsion(psi)), size is 1000 (8.000 kB)
	MDIH_00529[psi]:97 "psi:97" (double, torsion(psi)), size is 1000 (8.000 kB)
	MDIH_00529[psi]:98 "psi:98" (double, torsion(psi)), size is 1000 (8.000 kB)
	MDIH_00529[psi]:99 "psi:99" (double, torsion(psi)), size is 1000 (8.000 kB)
	MDIH_00529[psi]:100 "psi:100" (double, torsion(psi)), size is 1000 (8.000 kB)
	MDIH_00529[psi]:101 "psi:101" (double, torsion(psi)), size is 1000 (8.000 kB)
	MDIH_00529[psi]:102 "psi:102" (double, torsion(psi)), size is 1000 (8.000 kB)
	MDIH_00529[psi]:103 "psi:103" (double, torsion(psi)), size is 1000 (8.000 kB)
	MDIH_00529[psi]:104 "psi:104" (double, torsion(psi)), size is 1000 (8.000 kB)
	MDIH_00529[psi]:105 "psi:105" (double, torsion(psi)), size is 1000 (8.000 kB)
	MDIH_00529[psi]:106 "psi:106" (double, torsion(psi)), size is 1000 (8.000 kB)
	MDIH_00529[psi]:107 "psi:107" (double, torsion(psi)), size is 1000 (8.000 kB)
	MDIH_00529[psi]:108 "psi:108" (double, torsion(psi)), size is 1000 (8.000 kB)
	MDIH_00529[psi]:109 "psi:109" (double, torsion(psi)), size is 1000 (8.000 kB)
	MDIH_00529[psi]:110 "psi:110" (double, torsion(psi)), size is 1000 (8.000 kB)
	MDIH_00529[psi]:111 "psi:111" (double, torsion(psi)), size is 1000 (8.000 kB)
	MDIH_00529[psi]:112 "psi:112" (double, torsion(psi)), size is 1000 (8.000 kB)
	MDIH_00529[psi]:113 "psi:113" (double, torsion(psi)), size is 1000 (8.000 kB)
	MDIH_00529[psi]:114 "psi:114" (double, torsion(psi)), size is 1000 (8.000 kB)
	MDIH_00529[psi]:115 "psi:115" (double, torsion(psi)), size is 1000 (8.000 kB)
	MDIH_00529[psi]:116 "psi:116" (double, torsion(psi)), size is 1000 (8.000 kB)
	MDIH_00529[psi]:117 "psi:117" (double, torsion(psi)), size is 1000 (8.000 kB)
	MDIH_00529[psi]:118 "psi:118" (double, torsion(psi)), size is 1000 (8.000 kB)
	MDIH_00529[psi]:119 "psi:119" (double, torsion(psi)), size is 1000 (8.000 kB)
	MDIH_00529[psi]:120 "psi:120" (double, torsion(psi)), size is 1000 (8.000 kB)
	MDIH_00529[psi]:121 "psi:121" (double, torsion(psi)), size is 1000 (8.000 kB)
	MDIH_00529[psi]:122 "psi:122" (double, torsion(psi)), size is 1000 (8.000 kB)
	MDIH_00529[psi]:123 "psi:123" (double, torsion(psi)), size is 1000 (8.000 kB)
	MDIH_00529[psi]:124 "psi:124" (double, torsion(psi)), size is 1000 (8.000 kB)
	MDIH_00529[psi]:125 "psi:125" (double, torsion(psi)), size is 1000 (8.000 kB)
	MDIH_00529[psi]:126 "psi:126" (double, torsion(psi)), size is 1000 (8.000 kB)
	MDIH_00529[psi]:127 "psi:127" (double, torsion(psi)), size is 1000 (8.000 kB)
	MDIH_00529[psi]:128 "psi:128" (double, torsion(psi)), size is 1000 (8.000 kB)
	MDIH_00529[psi]:129 "psi:129" (double, torsion(psi)), size is 1000 (8.000 kB)
	MDIH_00529[psi]:130 "psi:130" (double, torsion(psi)), size is 1000 (8.000 kB)
	MDIH_00529[psi]:131 "psi:131" (double, torsion(psi)), size is 1000 (8.000 kB)
	MDIH_00529[psi]:132 "psi:132" (double, torsion(psi)), size is 1000 (8.000 kB)
	MDIH_00529[psi]:133 "psi:133" (double, torsion(psi)), size is 1000 (8.000 kB)
	MDIH_00529[psi]:134 "psi:134" (double, torsion(psi)), size is 1000 (8.000 kB)
	MDIH_00529[psi]:135 "psi:135" (double, torsion(psi)), size is 1000 (8.000 kB)
	MDIH_00529[psi]:136 "psi:136" (double, torsion(psi)), size is 1000 (8.000 kB)
	MDIH_00529[psi]:137 "psi:137" (double, torsion(psi)), size is 1000 (8.000 kB)
	MDIH_00529[psi]:138 "psi:138" (double, torsion(psi)), size is 1000 (8.000 kB)
	MDIH_00529[psi]:139 "psi:139" (double, torsion(psi)), size is 1000 (8.000 kB)
	MDIH_00529[psi]:140 "psi:140" (double, torsion(psi)), size is 1000 (8.000 kB)
	MDIH_00529[psi]:141 "psi:141" (double, torsion(psi)), size is 1000 (8.000 kB)
	MDIH_00529[psi]:142 "psi:142" (double, torsion(psi)), size is 1000 (8.000 kB)
	MDIH_00529[psi]:143 "psi:143" (double, torsion(psi)), size is 1000 (8.000 kB)
	MDIH_00529[psi]:144 "psi:144" (double, torsion(psi)), size is 1000 (8.000 kB)
	MDIH_00529[psi]:145 "psi:145" (double, torsion(psi)), size is 1000 (8.000 kB)
	MDIH_00529[psi]:146 "psi:146" (double, torsion(psi)), size is 1000 (8.000 kB)
	MDIH_00529[psi]:147 "psi:147" (double, torsion(psi)), size is 1000 (8.000 kB)
	MDIH_00529[psi]:148 "psi:148" (double, torsion(psi)), size is 1000 (8.000 kB)
	MDIH_00529[psi]:149 "psi:149" (double, torsion(psi)), size is 1000 (8.000 kB)
	MDIH_00529[psi]:150 "psi:150" (double, torsion(psi)), size is 1000 (8.000 kB)
	MDIH_00529[psi]:151 "psi:151" (double, torsion(psi)), size is 1000 (8.000 kB)
	MDIH_00529[psi]:152 "psi:152" (double, torsion(psi)), size is 1000 (8.000 kB)
	MDIH_00529[psi]:153 "psi:153" (double, torsion(psi)), size is 1000 (8.000 kB)
	MDIH_00529[psi]:154 "psi:154" (double, torsion(psi)), size is 1000 (8.000 kB)
	MDIH_00529[psi]:155 "psi:155" (double, torsion(psi)), size is 1000 (8.000 kB)
	MDIH_00529[psi]:156 "psi:156" (double, torsion(psi)), size is 1000 (8.000 kB)
	MDIH_00529[psi]:157 "psi:157" (double, torsion(psi)), size is 1000 (8.000 kB)
	MDIH_00529[psi]:158 "psi:158" (double, torsion(psi)), size is 1000 (8.000 kB)
	MDIH_00529[psi]:159 "psi:159" (double, torsion(psi)), size is 1000 (8.000 kB)
	MDIH_00529[psi]:160 "psi:160" (double, torsion(psi)), size is 1000 (8.000 kB)
	MDIH_00529[psi]:161 "psi:161" (double, torsion(psi)), size is 1000 (8.000 kB)
	MDIH_00529[psi]:162 "psi:162" (double, torsion(psi)), size is 1000 (8.000 kB)
	MDIH_00529[psi]:163 "psi:163" (double, torsion(psi)), size is 1000 (8.000 kB)
	MDIH_00529[psi]:164 "psi:164" (double, torsion(psi)), size is 1000 (8.000 kB)
	MDIH_00529[psi]:165 "psi:165" (double, torsion(psi)), size is 1000 (8.000 kB)
	MDIH_00529[psi]:166 "psi:166" (double, torsion(psi)), size is 1000 (8.000 kB)
	MDIH_00529[psi]:167 "psi:167" (double, torsion(psi)), size is 1000 (8.000 kB)
	MDIH_00529[psi]:168 "psi:168" (double, torsion(psi)), size is 1000 (8.000 kB)
	MDIH_00529[psi]:169 "psi:169" (double, torsion(psi)), size is 1000 (8.000 kB)
	MDIH_00529[psi]:170 "psi:170" (double, torsion(psi)), size is 1000 (8.000 kB)
	MDIH_00529[psi]:171 "psi:171" (double, torsion(psi)), size is 1000 (8.000 kB)
	MDIH_00529[psi]:172 "psi:172" (double, torsion(psi)), size is 1000 (8.000 kB)
	rms_heavy[Avg] "rms_heavy[Avg]" (X-Y mesh), size is 173 (2.768 kB)
	rms_heavy[Stdev] "rms_heavy[Stdev]" (X-Y mesh), size is 173 (2.768 kB)
	ss[avgss]:1 "Extended" (double), size is 173 (1.384 kB)
	ss[avgss]:2 "Bridge" (double), size is 173 (1.384 kB)
	ss[avgss]:3 "3-10" (double), size is 173 (1.384 kB)
	ss[avgss]:4 "Alpha" (double), size is 173 (1.384 kB)
	ss[avgss]:5 "Pi" (double), size is 173 (1.384 kB)
	ss[avgss]:6 "Turn" (double), size is 173 (1.384 kB)
	ss[avgss]:7 "Bend" (double), size is 173 (1.384 kB)
    Total data set memory usage is at least 4.883 MB

DATAFILES (7 total):
  rmsd_heavy_perres.dat (Standard Data File):  rms_heavy GLY:1 LYS:2 ILE:3 ... ILE:170 ASP:171 PHE:172 SER:173
  rmsd_heavy_perres_avg.dat (Standard Data File):  rms_heavy[Avg] rms_heavy[Stdev]
  ss.dat (Standard Data File):  GLY:1 LYS:2 ILE:3 THR:4 ... ILE:170 ASP:171 PHE:172 SER:173
  ss_sum.dat (Standard Data File):  Extended Bridge 3-10 Alpha Pi Turn Bend
  dihedrals_phi.dat (Standard Data File):  phi:2 phi:3 phi:4 phi:5 ... phi:170 phi:171 phi:172 phi:173
  dihedrals_psi.dat (Standard Data File):  psi:1 psi:2 psi:3 psi:4 ... psi:169 psi:170 psi:171 psi:172
  ss_assign.dat (SS assignment)

RUN TIMING:
TIME:		Init               : 0.0197 s (  3.75%)
TIME:		Trajectory Process : 0.0999 s ( 19.04%)
TIME:		Data Set Sync      : 0.0042 s (  0.81%)
TIME:		Action Post        : 0.0013 s (  0.24%)
TIME:		Analysis           : 0.0000 s (  0.00%)
TIME:		Data File Write    : 0.3992 s ( 76.10%)
TIME:		Other              : 0.0003 s (  0.00%)
TIME:	Run Total 0.5245 s
---------- RUN END ---------------------------------------------------
TIME: Total execution time: 0.5859 seconds.
--------------------------------------------------------------------------------
To cite CPPTRAJ use:
Daniel R. Roe and Thomas E. Cheatham, III, "PTRAJ and CPPTRAJ: Software for
  Processing and Analysis of Molecular Dynamics Trajectory Data". J. Chem.
  Theory Comput., 2013, 9 (7), pp 3084-3095.
Daniel R. Roe and Thomas E. Cheatham, III, "Parallelization of CPPTRAJ enables
  large scale analysis of molecular dynamics trajectory data". J. Comp.
  Chem., 2018, DOI: 10.1002/jcc25382.

