
CPPTRAJ: Trajectory Analysis. V4.25.6 MPI
    ___  ___  ___  ___
     | \/ | \/ | \/ | 
    _|_/\_|_/\_|_/\_|_

| Running on 8 processes.
| Date/time: 06/08/23 10:12:14
| Available memory: 132.761 GB

INPUT: Reading input from '1us/cpp_c0c1.in'
  [parm 1hk0_wt_dry.prmtop]
	Reading '1hk0_wt_dry.prmtop' as Amber Topology
	Radius Set: modified Bondi radii (mbondi)
  [trajin 06_prod.nc 1 last 1000]
	Reading '06_prod.nc' as Amber NetCDF
  [trajin 07_prod.nc 1 last 1000]
	Reading '07_prod.nc' as Amber NetCDF
  [trajin 08_prod.nc 1 last 1000]
	Reading '08_prod.nc' as Amber NetCDF
  [trajin 09_prod.nc 1 last 1000]
	Reading '09_prod.nc' as Amber NetCDF
  [trajin 10_prod.nc 1 last 1000]
	Reading '10_prod.nc' as Amber NetCDF
  [reference 1hk0_wt_solv.pdb :* [REF]]
	Reading '1hk0_wt_solv.pdb' as PDB
	Read CRYST1 info from PDB: a=85.983 b=85.983 c=85.983 alpha=109.47 beta=109.47 gamma=109.47
Warning: Low precision truncated octahedron angles detected (109.47 vs 109.471).
Warning:   If desired, the 'box' command can be used during processing
Warning:   to set higher-precision angles.
Warning: PDB line length is short (67 chars, expected 80).
Warning: PDB 1hk0_wt_solv.pdb: Reading frame 16, got 1544 atoms, expected 2813.
Warning: Only using frames 1-15
Warning: Reference has 15 frames, only reading frame 1
	Read CRYST1 info from PDB: a=85.983 b=85.983 c=85.983 alpha=109.47 beta=109.47 gamma=109.47
	Stripped ref parm: 2813 atoms, 173 res, box: Trunc. Oct., 1 mol
	Setting active reference for distance-based masks: '1hk0_wt_solv.pdb'
  [multidihedral dihedral_trp121 phi psi resrange 121-121 out 1us/dihedral_trp121.dat]
    MULTIDIHEDRAL: Calculating phi psi dihedrals for residues in range 121-121
	DataSet name: dihedral_trp121
	Output to dihedral_trp121.dat
	Output range is -180 to 180 degrees.
  [rms heavyRMSD :1-173&!@H* out 1us/rmsd_heavy.dat ref [REF] mass time 1]
    RMSD: (:1-173&!@H*), reference is "[REF]:1" (:1-173&!@H*), mass-weighted.
	Best-fit RMSD will be calculated, coords will be rotated and translated.
  [rms bbRMSD :1-173@CA,C,O,N out 1us/rmsd_bb.dat ref [REF] mass time 1]
    RMSD: (:1-173@CA,C,O,N), reference is "[REF]:1" (:1-173@CA,C,O,N), mass-weighted.
	Best-fit RMSD will be calculated, coords will be rotated and translated.
  [radgyr :1-173 out 1us/radgyr.dat]
    RADGYR: Calculating for atoms in mask :1-173.
  [angle domain_angle :1-80&!@H= :85&!@H= :88-168&!@H= out 1us/domain_angle.dat]
    ANGLE: [:1-80&!@H*]-[:85&!@H*]-[:88-168&!@H*]
  [distance domain_distance :1-80&!@H= :88-168&!@H= out 1us/domain_distance.dat]
    DISTANCE: :1-80&!@H* to :88-168&!@H*, center of mass.
  [rms ntd_fit_bb :1-80@CA,C,O,N ref [REF] mass]
    RMSD: (:1-80@CA,C,O,N), reference is "[REF]:1" (:1-80@CA,C,O,N), mass-weighted.
	Best-fit RMSD will be calculated, coords will be rotated and translated.
  [rms ctd_rms_bb :88-168@CA,C,O,N out 1us/rmsd_bb_ctd.dat nofit ref [REF] mass]
    RMSD: (:88-168@CA,C,O,N), reference is "[REF]:1" (:88-168@CA,C,O,N), mass-weighted.
	No fitting will be performed.
  [rms ctd_fit_bb :88-168@CA,C,O,N ref [REF] mass]
    RMSD: (:88-168@CA,C,O,N), reference is "[REF]:1" (:88-168@CA,C,O,N), mass-weighted.
	Best-fit RMSD will be calculated, coords will be rotated and translated.
  [rms ntd_rms_bb :1-80@CA,C,O,N out 1us/rmsd_bb_ntd.dat nofit ref [REF] mass]
    RMSD: (:1-80@CA,C,O,N), reference is "[REF]:1" (:1-80@CA,C,O,N), mass-weighted.
	No fitting will be performed.
  [vector V1 :4,36@CA,C,O,N :43@CA,C,O,N]
    VECTOR: Type Mask, mask [:4,36@CA,C,O,N], second mask [:43@CA,C,O,N]
  [vector V2 :4,36@CA,C,O,N :124,90@CA,C,O,N]
    VECTOR: Type Mask, mask [:4,36@CA,C,O,N], second mask [:124,90@CA,C,O,N]
  [vectormath vec1 V1 vec2 V2 out 1us/o_angle.dat name o_angle dotangle]
    VECTORMATH: Calculating Angle from dot product of vectors V1 and V2
	Vectors will be normalized.
	Results are written to 1us/o_angle.dat
  [run]
---------- RUN BEGIN -------------------------------------------------

PARAMETER FILES (1 total):
 0: 1hk0_wt_dry.prmtop, 2813 atoms, 173 res, box: Trunc. Oct., 1 mol

INPUT TRAJECTORIES (5 total):
 0: '06_prod.nc' is a NetCDF AMBER trajectory with coordinates, time, box, Parm 1hk0_wt_dry.prmtop (Trunc. Oct. box) (reading 200 of 200000)
 1: '07_prod.nc' is a NetCDF AMBER trajectory with coordinates, time, box, Parm 1hk0_wt_dry.prmtop (Trunc. Oct. box) (reading 200 of 200000)
 2: '08_prod.nc' is a NetCDF AMBER trajectory with coordinates, time, box, Parm 1hk0_wt_dry.prmtop (Trunc. Oct. box) (reading 200 of 200000)
 3: '09_prod.nc' is a NetCDF AMBER trajectory with coordinates, time, box, Parm 1hk0_wt_dry.prmtop (Trunc. Oct. box) (reading 200 of 200000)
 4: '10_prod.nc' is a NetCDF AMBER trajectory with coordinates, time, box, Parm 1hk0_wt_dry.prmtop (Trunc. Oct. box) (reading 200 of 200000)
  Coordinate processing will occur on 1000 frames.

REFERENCE FRAMES (1 total):
    0: [REF]:1
	Active reference frame for distance-based masks is '[REF]:1'

PARALLEL INFO:
  Process 0 will handle 125 frames.
  Process 1 will handle 125 frames.
  Process 2 will handle 125 frames.
  Process 3 will handle 125 frames.
  Process 4 will handle 125 frames.
  Process 5 will handle 125 frames.
  Process 6 will handle 125 frames.
  Process 7 will handle 125 frames.
.....................................................
ACTION SETUP FOR PARM '1hk0_wt_dry.prmtop' (12 actions):
  0: [multidihedral dihedral_trp121 phi psi resrange 121-121 out 1us/dihedral_trp121.dat]
	ResRange=[121-121] phi psi, 2 dihedrals.
  1: [rms heavyRMSD :1-173&!@H* out 1us/rmsd_heavy.dat ref [REF] mass time 1]
	Target mask: [:1-173&!@H*](1451)
	Reference mask: [:1-173&!@H*](1451)
Warning: Coordinates are being rotated and box coordinates are present.
Warning: Unit cell vectors are NOT rotated; imaging will not be possible
Warning:  after the RMS-fit is performed.
  2: [rms bbRMSD :1-173@CA,C,O,N out 1us/rmsd_bb.dat ref [REF] mass time 1]
	Target mask: [:1-173@CA,C,O,N](692)
	Reference mask: [:1-173@CA,C,O,N](692)
Warning: Coordinates are being rotated and box coordinates are present.
Warning: Unit cell vectors are NOT rotated; imaging will not be possible
Warning:  after the RMS-fit is performed.
  3: [radgyr :1-173 out 1us/radgyr.dat]
	:1-173 (2813 atoms).
  4: [angle domain_angle :1-80&!@H= :85&!@H= :88-168&!@H= out 1us/domain_angle.dat]
	 [:1-80&!@H*](660) [:85&!@H*](4) [:88-168&!@H*](699)
  5: [distance domain_distance :1-80&!@H= :88-168&!@H= out 1us/domain_distance.dat]
	:1-80&!@H* (660 atoms) to :88-168&!@H* (699 atoms), imaged.
  6: [rms ntd_fit_bb :1-80@CA,C,O,N ref [REF] mass]
	Target mask: [:1-80@CA,C,O,N](320)
	Reference mask: [:1-80@CA,C,O,N](320)
Warning: Coordinates are being rotated and box coordinates are present.
Warning: Unit cell vectors are NOT rotated; imaging will not be possible
Warning:  after the RMS-fit is performed.
  7: [rms ctd_rms_bb :88-168@CA,C,O,N out 1us/rmsd_bb_ctd.dat nofit ref [REF] mass]
	Target mask: [:88-168@CA,C,O,N](324)
	Reference mask: [:88-168@CA,C,O,N](324)
  8: [rms ctd_fit_bb :88-168@CA,C,O,N ref [REF] mass]
	Target mask: [:88-168@CA,C,O,N](324)
	Reference mask: [:88-168@CA,C,O,N](324)
Warning: Coordinates are being rotated and box coordinates are present.
Warning: Unit cell vectors are NOT rotated; imaging will not be possible
Warning:  after the RMS-fit is performed.
  9: [rms ntd_rms_bb :1-80@CA,C,O,N out 1us/rmsd_bb_ntd.dat nofit ref [REF] mass]
	Target mask: [:1-80@CA,C,O,N](320)
	Reference mask: [:1-80@CA,C,O,N](320)
  10: [vector V1 :4,36@CA,C,O,N :43@CA,C,O,N]
	Mask [:4,36@CA,C,O,N] corresponds to 8 atoms.
	Mask [:43@CA,C,O,N] corresponds to 4 atoms.
  11: [vector V2 :4,36@CA,C,O,N :124,90@CA,C,O,N]
	Mask [:4,36@CA,C,O,N] corresponds to 8 atoms.
	Mask [:124,90@CA,C,O,N] corresponds to 8 atoms.

BEGIN PARALLEL TRAJECTORY PROCESSING:
 0% 10% 20% 31% 40% 50% 60% 70% 81% 90% 100% Complete.
TIME: Rank 0 throughput= 181.8634 frames / second.
TIME: Rank 1 throughput= 181.7849 frames / second.
TIME: Rank 2 throughput= 183.3269 frames / second.
TIME: Rank 3 throughput= 188.5503 frames / second.
TIME: Rank 4 throughput= 187.0485 frames / second.
TIME: Rank 5 throughput= 186.0972 frames / second.
TIME: Rank 6 throughput= 183.4205 frames / second.
TIME: Rank 7 throughput= 183.4806 frames / second.
TIME: Avg. throughput= 1454.2662 frames / second.

ACTION OUTPUT:
Warning: Analysis does not currently use multiple MPI processes.

ANALYSIS: Performing 1 analyses:
  0: [vectormath vec1 V1 vec2 V2 out 1us/o_angle.dat name o_angle dotangle]
	'V1' size 1000, 'V2' size 1000, output size 1000

TIME: Analyses took 0.0001 seconds.

DATASETS (15 total):
	heavyRMSD "heavyRMSD" (double, rms), size is 1000 (8.000 kB)
	bbRMSD "bbRMSD" (double, rms), size is 1000 (8.000 kB)
	RoG_00004 "RoG_00004" (double), size is 1000 (8.000 kB)
	RoG_00004[Max] "RoG_00004[Max]" (double), size is 1000 (8.000 kB)
	domain_angle "domain_angle" (double, angle), size is 1000 (8.000 kB)
	domain_distance "domain_distance" (double, distance), size is 1000 (8.000 kB)
	ntd_fit_bb "ntd_fit_bb" (double, rms), size is 1000 (8.000 kB)
	ctd_rms_bb "ctd_rms_bb" (double, rms), size is 1000 (8.000 kB)
	ctd_fit_bb "ctd_fit_bb" (double, rms), size is 1000 (8.000 kB)
	ntd_rms_bb "ntd_rms_bb" (double, rms), size is 1000 (8.000 kB)
	V1 "V1" (vector, vector), size is 1000 (48.004 kB)
	V2 "V2" (vector, vector), size is 1000 (48.004 kB)
	o_angle "o_angle" (double), size is 1000 (8.000 kB)
	dihedral_trp121[phi]:121 "phi:121" (double, torsion(phi)), size is 1000 (8.000 kB)
	dihedral_trp121[psi]:121 "psi:121" (double, torsion(psi)), size is 1000 (8.000 kB)
    Total data set memory usage is at least 200.008 kB

DATAFILES (9 total):
  dihedral_trp121.dat (Standard Data File):  phi:121 psi:121
  rmsd_heavy.dat (Standard Data File):  heavyRMSD
  rmsd_bb.dat (Standard Data File):  bbRMSD
  radgyr.dat (Standard Data File):  RoG_00004 RoG_00004[Max]
  domain_angle.dat (Standard Data File):  domain_angle
  domain_distance.dat (Standard Data File):  domain_distance
  rmsd_bb_ctd.dat (Standard Data File):  ctd_rms_bb
  rmsd_bb_ntd.dat (Standard Data File):  ntd_rms_bb
  o_angle.dat (Standard Data File):  o_angle

RUN TIMING:
TIME:		Init               : 0.0047 s (  0.66%)
TIME:		Trajectory Process : 0.6876 s ( 96.37%)
TIME:		Data Set Sync      : 0.0011 s (  0.16%)
TIME:		Action Post        : 0.0000 s (  0.00%)
TIME:		Analysis           : 0.0001 s (  0.01%)
TIME:		Data File Write    : 0.0196 s (  2.75%)
TIME:		Other              : 0.0003 s (  0.00%)
TIME:	Run Total 0.7135 s
---------- RUN END ---------------------------------------------------
TIME: Total execution time: 0.7928 seconds.
--------------------------------------------------------------------------------
To cite CPPTRAJ use:
Daniel R. Roe and Thomas E. Cheatham, III, "PTRAJ and CPPTRAJ: Software for
  Processing and Analysis of Molecular Dynamics Trajectory Data". J. Chem.
  Theory Comput., 2013, 9 (7), pp 3084-3095.
Daniel R. Roe and Thomas E. Cheatham, III, "Parallelization of CPPTRAJ enables
  large scale analysis of molecular dynamics trajectory data". J. Comp.
  Chem., 2018, DOI: 10.1002/jcc25382.

